<?xml version="1.0" encoding="UTF-8"?>
<testng-results ignored="0" total="1" passed="1" failed="0" skipped="0">
  <reporter-output>
  </reporter-output>
  <suite started-at="2024-01-11T14:43:22 IST" name="Suite" finished-at="2024-01-11T14:43:28 IST" duration-ms="6123">
    <groups>
    </groups>
    <test started-at="2024-01-11T14:43:22 IST" name="Test" finished-at="2024-01-11T14:43:28 IST" duration-ms="6123">
      <class name="testcase.testlogin">
        <test-method is-config="true" signature="setup()[pri:0, instance:testcase.testlogin@65987993]" started-at="2024-01-11T14:43:22 IST" name="setup" finished-at="2024-01-11T14:43:26 IST" duration-ms="3991" status="PASS">
          <reporter-output>
          </reporter-output>
        </test-method> <!-- setup -->
        <test-method signature="login()[pri:1, instance:testcase.testlogin@65987993]" started-at="2024-01-11T14:43:26 IST" name="login" finished-at="2024-01-11T14:43:28 IST" duration-ms="1687" status="PASS">
          <reporter-output>
          </reporter-output>
        </test-method> <!-- login -->
        <test-method is-config="true" signature="teardown()[pri:0, instance:testcase.testlogin@65987993]" started-at="2024-01-11T14:43:28 IST" name="teardown" finished-at="2024-01-11T14:43:28 IST" duration-ms="264" status="PASS">
          <reporter-output>
          </reporter-output>
        </test-method> <!-- teardown -->
      </class> <!-- testcase.testlogin -->
    </test> <!-- Test -->
  </suite> <!-- Suite -->
</testng-results>
