<?xml version="1.0" encoding="UTF-8"?>
<testng-results ignored="0" total="1" passed="1" failed="0" skipped="0">
  <reporter-output>
  </reporter-output>
  <suite started-at="2024-01-09T18:19:13 IST" name="Suite" finished-at="2024-01-09T18:19:22 IST" duration-ms="8841">
    <groups>
    </groups>
    <test started-at="2024-01-09T18:19:13 IST" name="Test" finished-at="2024-01-09T18:19:22 IST" duration-ms="8841">
      <class name="testcase.testlogin">
        <test-method is-config="true" signature="setup()[pri:0, instance:testcase.testlogin@7ec7ffd3]" started-at="2024-01-09T18:19:13 IST" name="setup" finished-at="2024-01-09T18:19:19 IST" duration-ms="6243" status="PASS">
          <reporter-output>
          </reporter-output>
        </test-method> <!-- setup -->
        <test-method signature="login()[pri:1, instance:testcase.testlogin@7ec7ffd3]" started-at="2024-01-09T18:19:19 IST" name="login" finished-at="2024-01-09T18:19:21 IST" duration-ms="2148" status="PASS">
          <reporter-output>
          </reporter-output>
        </test-method> <!-- login -->
        <test-method is-config="true" signature="teardown()[pri:0, instance:testcase.testlogin@7ec7ffd3]" started-at="2024-01-09T18:19:21 IST" name="teardown" finished-at="2024-01-09T18:19:22 IST" duration-ms="393" status="PASS">
          <reporter-output>
          </reporter-output>
        </test-method> <!-- teardown -->
      </class> <!-- testcase.testlogin -->
    </test> <!-- Test -->
  </suite> <!-- Suite -->
</testng-results>
